"EF000000DDC129CAE7A1014FB12CAB6820F4FFD2060001000000020000008B8D6B03020000008B8D6EF5","2018/09/10 12:14:26","台風21号情報収集用","FW: test4"," 
________________________________

From: 大阪市ＩＣＴ戦略室活用推進担当（活用推進グループ）
Sent: Monday, September 10, 2018 3:14:20 AM (UTC+00:00) Monrovia, Reykjavik
To: 台風21号情報収集用
Subject: test4



 
","20180910_103756.jpg"
"EF000000DDC129CAE7A1014FB12CAB6820F4FFD2060001000000020000008B8D6B03020000008B8D6EF6","2018/09/10 12:35:09","台風21号情報収集用","FW: test5"," 
________________________________

From: 大阪市ＩＣＴ戦略室活用推進担当（活用推進グループ）
Sent: Monday, September 10, 2018 3:35:04 AM (UTC+00:00) Monrovia, Reykjavik
To: 台風21号情報収集用
Subject: test5



 
","20180910_103756.jpg"
"EF000000DDC129CAE7A1014FB12CAB6820F4FFD2060001000000020000008B8D6B03020000008B8D6EF7","2018/09/10 14:27:56","台風21号情報収集用","FW: "," 
________________________________

From: zubizuba-19nick@yahoo.ne.jp
Sent: Monday, September 10, 2018 5:27:21 AM (UTC+00:00) Monrovia, Reykjavik
To: 台風21号情報収集用
Subject: 


 


iPhoneから送信","image1.jpeg"
"EF000000DDC129CAE7A1014FB12CAB6820F4FFD2060001000000020000008B8D6B03020000008B8D6EF8","2018/09/10 14:32:35","台風21号情報収集用","FW: ","


________________________________________
From: rswn-t@au.com
Sent: Monday, September 10, 2018 5:32:20 AM (UTC+00:00) Monrovia, Reykjavik
To: 台風21号情報収集用
Subject:","20180910_103756.jpg"
"EF000000DDC129CAE7A1014FB12CAB6820F4FFD2060001000000020000008B8D6B03020000008B8D6EF9","2018/09/10 14:40:10","台風21号情報収集用","FW: てすと","


________________________________________
From: sound-of-hibana@docomo.ne.jp
Sent: Monday, September 10, 2018 5:39:10 AM (UTC+00:00) Monrovia, Reykjavik
To: 台風21号情報収集用
Subject: てすと

てすと
ドコモ","IMG00505.jpg"
"EF000000DDC129CAE7A1014FB12CAB6820F4FFD2060001000000020000008B8D6B03020000008B8D6EFB","2018/09/10 17:02:58","台風21号情報収集用","FW: 藤堂　高士の場所"," 
________________________________

From: zubizuba-19nick@yahoo.ne.jp
Sent: Monday, September 10, 2018 8:01:48 AM (UTC+00:00) Monrovia, Reykjavik
To: 台風21号情報収集用
Subject: 藤堂　高士の場所


藤堂　高士の場所 <https://maps.apple.com/?ll=34.693280,135.502187&q=%E8%97%A4%E5%A0%82%E3%80%80%E9%AB%98%E5%A3%AB%E3%81%AE%E5%A0%B4%E6%89%80&_ext=EiQpPoA9Z71YQUAxC0JZ6xHwYEA5PoA9Z71YQUBBC0JZ6xHwYEA%3D&t=r> 




iPhoneから送信","藤堂　高士の場所.loc.vcf"
"EF000000DDC129CAE7A1014FB12CAB6820F4FFD2060001000000020000008B8D6B03020000008B8D6EFC","2018/09/10 17:06:54","台風21号情報収集用","FW: マークされた場所"," 
________________________________

From: zubizuba-19nick@yahoo.ne.jp
Sent: Monday, September 10, 2018 8:06:07 AM (UTC+00:00) Monrovia, Reykjavik
To: 台風21号情報収集用
Subject: マークされた場所


マークされた場所 <https://maps.apple.com/?ll=34.693279,135.502219&q=%E3%83%9E%E3%83%BC%E3%82%AF%E3%81%95%E3%82%8C%E3%81%9F%E5%A0%B4%E6%89%80&_ext=EiQpnfBdW71YQUAxakAcLhLwYEA5nfBdW71YQUBBakAcLhLwYEA%3D&t=r> 




iPhoneから送信","マークされた場所.loc.vcf"
"EF000000DDC129CAE7A1014FB12CAB6820F4FFD2060001000000020000008B8D6B03020000008B8D6EFD","2018/09/10 17:38:38","台風21号情報収集用","FW: マークされた場所"," 
________________________________

From: zubizuba-19nick@yahoo.ne.jp
Sent: Monday, September 10, 2018 8:37:45 AM (UTC+00:00) Monrovia, Reykjavik
To: 台風21号情報収集用
Subject: マークされた場所


マークされた場所 <https://maps.apple.com/?address=%E3%80%92530-0005,%20%E5%A4%A7%E9%98%AA%E5%BA%9C%E5%A4%A7%E9%98%AA%E5%B8%82%E5%8C%97%E5%8C%BA,%20%E4%B8%AD%E4%B9%8B%E5%B3%B61%E4%B8%81%E7%9B%AE3%E7%95%AA20%E5%8F%B7&ll=34.693282,135.502219&q=%E3%83%9E%E3%83%BC%E3%82%AF%E3%81%95%E3%82%8C%E3%81%9F%E5%A0%B4%E6%89%80&_ext=EiQpWmin+jFNQUAxPMDsB5DsYEA5FUsmu0VkQUBBJsoOVZTzYEA%3D&t=r> 




iPhoneから送信","マークされた場所.loc.vcf"
"EF000000DDC129CAE7A1014FB12CAB6820F4FFD2060001000000020000008B8D6B03020000008B8D6EFE","2018/09/10 19:40:35","台風21号情報収集用","FW: [FreeMail]近鉄"," 
________________________________

From: Tadakazu Nakamichi
Sent: Monday, September 10, 2018 10:39:53 AM (UTC+00:00) Monrovia, Reykjavik
To: 台風21号情報収集用
Subject: [FreeMail]近鉄


","IMG-0232.GIF"
"EF000000DDC129CAE7A1014FB12CAB6820F4FFD2060001000000020000008B8D6B03020000008B8D6EFF","2018/09/10 19:44:32","台風21号情報収集用","FW: [FreeMail]グランフロント"," 
________________________________

From: Tadakazu Nakamichi
Sent: Monday, September 10, 2018 10:43:32 AM (UTC+00:00) Monrovia, Reykjavik
To: 台風21号情報収集用
Subject: [FreeMail]グランフロント


","IMG-0227.JPG"
"EF000000DDC129CAE7A1014FB12CAB6820F4FFD2060001000000020000008B8D6B03020000008B8D6F00","2018/09/10 23:29:58","台風21号情報収集用","FW: [FreeMail]淀屋橋"," 
________________________________

From: Tadakazu Nakamichi
Sent: Monday, September 10, 2018 2:29:10 PM (UTC+00:00) Monrovia, Reykjavik
To: 台風21号情報収集用
Subject: [FreeMail]淀屋橋


","IMG-0236.JPG"
"EF000000DDC129CAE7A1014FB12CAB6820F4FFD2060001000000020000008B8D6B03020000008B8D6F01","2018/09/10 23:31:31","台風21号情報収集用","FW: [FreeMail]法善寺"," 
________________________________

From: tadakazu1972@gmail.com
Sent: Monday, September 10, 2018 2:30:05 PM (UTC+00:00) Monrovia, Reykjavik
To: 台風21号情報収集用
Subject: [FreeMail]法善寺




 


iPhoneから送信","IMG_0241.jpg"
"EF000000DDC129CAE7A1014FB12CAB6820F4FFD2060001000000020000008B8D6B03020000008B8D6F02","2018/09/10 23:33:58","台風21号情報収集用","FW: [FreeMail]河内国分"," 
________________________________

From: tadakazu1972@gmail.com
Sent: Monday, September 10, 2018 2:33:18 PM (UTC+00:00) Monrovia, Reykjavik
To: 台風21号情報収集用
Subject: [FreeMail]河内国分




 


iPhoneから送信","IMG_0242.jpg"
"EF000000DDC129CAE7A1014FB12CAB6820F4FFD2060001000000020000008B8D6B03020000008C76792C","2018/09/11 7:17:30","台風21号情報収集用","FW: [FreeMail]志都美"," 
________________________________

From: tadakazu1972@gmail.com
Sent: Monday, September 10, 2018 10:16:55 PM (UTC+00:00) Monrovia, Reykjavik
To: 台風21号情報収集用
Subject: [FreeMail]志都美




 


iPhoneから送信","IMG_0243.jpg"
"EF000000DDC129CAE7A1014FB12CAB6820F4FFD2060001000000020000008B8D6B03020000008C76792D","2018/09/11 7:32:09","台風21号情報収集用","FW: [FreeMail]王寺"," 
________________________________

From: tadakazu1972@gmail.com
Sent: Monday, September 10, 2018 10:30:29 PM (UTC+00:00) Monrovia, Reykjavik
To: 台風21号情報収集用
Subject: [FreeMail]王寺




 


iPhoneから送信","IMG_0244.jpg"
"EF000000DDC129CAE7A1014FB12CAB6820F4FFD2060001000000020000008B8D6B03020000008C76792E","2018/09/11 7:47:31","台風21号情報収集用","FW: [FreeMail]久宝寺駅"," 
________________________________

From: tadakazu1972@gmail.com
Sent: Monday, September 10, 2018 10:46:35 PM (UTC+00:00) Monrovia, Reykjavik
To: 台風21号情報収集用
Subject: [FreeMail]久宝寺駅




 


iPhoneから送信","IMG_0245.jpg"
"EF000000DDC129CAE7A1014FB12CAB6820F4FFD2060001000000020000008B8D6B03020000008C76792F","2018/09/11 7:58:31","台風21号情報収集用","FW: [FreeMail]新今宮"," 
________________________________

From: tadakazu1972@gmail.com
Sent: Monday, September 10, 2018 10:57:13 PM (UTC+00:00) Monrovia, Reykjavik
To: 台風21号情報収集用
Subject: [FreeMail]新今宮


新今宮駅、無事


 


iPhoneから送信","IMG_0246.jpg"
"EF000000DDC129CAE7A1014FB12CAB6820F4FFD2060001000000020000008B8D6B03020000008C767930","2018/09/11 8:05:58","台風21号情報収集用","FW: [FreeMail]今宮"," 
________________________________

From: tadakazu1972@gmail.com
Sent: Monday, September 10, 2018 11:04:41 PM (UTC+00:00) Monrovia, Reykjavik
To: 台風21号情報収集用
Subject: [FreeMail]今宮


電車の中


 


iPhoneから送信","IMG_0247.jpg"
"EF000000DDC129CAE7A1014FB12CAB6820F4FFD2060001000000020000008B8D6B03020000008C767931","2018/09/11 8:06:56","台風21号情報収集用","FW: [FreeMail]芦原橋"," 
________________________________

From: tadakazu1972@gmail.com
Sent: Monday, September 10, 2018 11:06:28 PM (UTC+00:00) Monrovia, Reykjavik
To: 台風21号情報収集用
Subject: [FreeMail]芦原橋


芦原橋、通過


 


iPhoneから送信","IMG_0248.jpg"
"EF000000DDC129CAE7A1014FB12CAB6820F4FFD2060001000000020000008B8D6B03020000008C767932","2018/09/11 8:10:30","台風21号情報収集用","FW: [FreeMail]大正"," 
________________________________

From: tadakazu1972@gmail.com
Sent: Monday, September 10, 2018 11:09:23 PM (UTC+00:00) Monrovia, Reykjavik
To: 台風21号情報収集用
Subject: [FreeMail]大正


大阪ドーム、被害なし


 


iPhoneから送信","IMG_0249.jpg"
"EF000000DDC129CAE7A1014FB12CAB6820F4FFD2060001000000020000008B8D6B03020000008C767933","2018/09/11 8:11:30","台風21号情報収集用","FW: [FreeMail]弁天町"," 
________________________________

From: tadakazu1972@gmail.com
Sent: Monday, September 10, 2018 11:10:54 PM (UTC+00:00) Monrovia, Reykjavik
To: 台風21号情報収集用
Subject: [FreeMail]弁天町


弁天町駅、人が多い


 


iPhoneから送信","IMG_0250.jpg"
"EF000000DDC129CAE7A1014FB12CAB6820F4FFD2060001000000020000008B8D6B03020000008C767934","2018/09/11 8:14:30","台風21号情報収集用","FW: [FreeMail]西九条"," 
________________________________

From: tadakazu1972@gmail.com
Sent: Monday, September 10, 2018 11:13:52 PM (UTC+00:00) Monrovia, Reykjavik
To: 台風21号情報収集用
Subject: [FreeMail]西九条


西九条、電車内


 


iPhoneから送信","IMG_0251.jpg"
"EF000000DDC129CAE7A1014FB12CAB6820F4FFD2060001000000020000008B8D6B03020000008C767935","2018/09/11 8:24:31","台風21号情報収集用","FW: [FreeMail]大阪駅"," 
________________________________

From: tadakazu1972@gmail.com
Sent: Monday, September 10, 2018 11:23:53 PM (UTC+00:00) Monrovia, Reykjavik
To: 台風21号情報収集用
Subject: [FreeMail]大阪駅


大阪駅、通常


 


iPhoneから送信","IMG_0253.jpg"
"EF000000DDC129CAE7A1014FB12CAB6820F4FFD2060001000000020000008B8D6B03020000008C767936","2018/09/11 8:36:34","台風21号情報収集用","FW: [FreeMail]梅田"," 
________________________________

From: tadakazu1972@gmail.com
Sent: Monday, September 10, 2018 11:35:52 PM (UTC+00:00) Monrovia, Reykjavik
To: 台風21号情報収集用
Subject: [FreeMail]梅田



梅田新道、ビル無事

 


iPhoneから送信","IMG_0254.jpg"
"EF000000DDC129CAE7A1014FB12CAB6820F4FFD2060001000000020000008B8D6B03020000008C767937","2018/09/11 8:41:03","台風21号情報収集用","FW: [FreeMail]梅新南"," 
________________________________

From: tadakazu1972@gmail.com
Sent: Monday, September 10, 2018 11:39:45 PM (UTC+00:00) Monrovia, Reykjavik
To: 台風21号情報収集用
Subject: [FreeMail]梅新南



梅新南、滋賀銀行ビル無事

 


iPhoneから送信","IMG_0255.jpg"
"EF000000DDC129CAE7A1014FB12CAB6820F4FFD2060001000000020000008B8D6B03020000008C767938","2018/09/11 8:42:30","台風21号情報収集用","FW: [FreeMail]大江橋北詰"," 
________________________________

From: tadakazu1972@gmail.com
Sent: Monday, September 10, 2018 11:41:24 PM (UTC+00:00) Monrovia, Reykjavik
To: 台風21号情報収集用
Subject: [FreeMail]大江橋北詰



大江橋北詰、阪神高速無事

 


iPhoneから送信","IMG_0257.jpg"
"EF000000DDC129CAE7A1014FB12CAB6820F4FFD2060001000000020000008B8D6B03020000008C767939","2018/09/11 8:44:01","台風21号情報収集用","FW: [FreeMail]日本銀行"," 
________________________________

From: tadakazu1972@gmail.com
Sent: Monday, September 10, 2018 11:42:41 PM (UTC+00:00) Monrovia, Reykjavik
To: 台風21号情報収集用
Subject: [FreeMail]日本銀行


大江橋南詰、通常


 


iPhoneから送信","IMG_0259.jpg"
"EF000000DDC129CAE7A1014FB12CAB6820F4FFD2060001000000020000008B8D6B03020000008C76793A","2018/09/11 8:49:30","台風21号情報収集用","FW: [FreeMail]淀屋橋"," 
________________________________

From: tadakazu1972@gmail.com
Sent: Monday, September 10, 2018 11:48:32 PM (UTC+00:00) Monrovia, Reykjavik
To: 台風21号情報収集用
Subject: [FreeMail]淀屋橋



大阪市役所、平常

 


iPhoneから送信","IMG_0261.jpg"
"EF000000DDC129CAE7A1014FB12CAB6820F4FFD2060001000000020000008B8D6B03020000008C76793C","2018/09/11 14:44:30","台風21号情報収集用","FW: test"," 
________________________________

From: 高野　涼
Sent: Tuesday, September 11, 2018 5:44:27 AM (UTC+00:00) Monrovia, Reykjavik
To: 台風21号情報収集用
Subject: test



送信テスト
","20180905-00010002-fnnprimev-000-2-view.jpg"
"EF000000DDC129CAE7A1014FB12CAB6820F4FFD2060001000000020000008B8D6B03020000008C76793D","2018/09/11 14:46:05","台風21号情報収集用","FW: test"," 
________________________________

From: 大阪市ＩＣＴ戦略室活用推進担当（活用推進グループ）
Sent: Tuesday, September 11, 2018 5:46:02 AM (UTC+00:00) Monrovia, Reykjavik
To: 台風21号情報収集用
Subject: test



 

送信テスト
","20180905-00010002-fnnprimev-000-2-view.jpg"
"EF000000DDC129CAE7A1014FB12CAB6820F4FFD2060001000000020000008B8D6B03020000008C76793E","2018/09/11 14:53:25","台風21号情報収集用","FW: test"," 
________________________________

From: 大阪市ＩＣＴ戦略室活用推進担当（活用推進グループ）
Sent: Tuesday, September 11, 2018 5:53:23 AM (UTC+00:00) Monrovia, Reykjavik
To: 台風21号情報収集用
Subject: test



 

送信テスト
","20180905-00010002-fnnprimev-000-2-view.jpg"
"EF000000DDC129CAE7A1014FB12CAB6820F4FFD2060001000000020000008B8D6B03020000008C76793F","2018/09/11 14:56:50","台風21号情報収集用","FW: test"," 
________________________________

From: 大阪市ＩＣＴ戦略室活用推進担当（活用推進グループ）
Sent: Tuesday, September 11, 2018 5:56:47 AM (UTC+00:00) Monrovia, Reykjavik
To: 台風21号情報収集用
Subject: test



 

送信テスト
","20180905-00010002-fnnprimev-000-2-view.jpg"
"EF000000DDC129CAE7A1014FB12CAB6820F4FFD2060001000000020000008B8D6B03020000008C767940","2018/09/11 15:01:21","台風21号情報収集用","FW: test"," 
________________________________

From: 大阪市ＩＣＴ戦略室活用推進担当（活用推進グループ）
Sent: Tuesday, September 11, 2018 6:01:19 AM (UTC+00:00) Monrovia, Reykjavik
To: 台風21号情報収集用
Subject: test



 

送信テスト
","20180905-00010002-fnnprimev-000-2-view.jpg"
"EF000000DDC129CAE7A1014FB12CAB6820F4FFD2060001000000020000008B8D6B03020000008C767941","2018/09/11 15:09:00","台風21号情報収集用","FW: test"," 
________________________________

From: 大阪市ＩＣＴ戦略室活用推進担当（活用推進グループ）
Sent: Tuesday, September 11, 2018 6:08:58 AM (UTC+00:00) Monrovia, Reykjavik
To: 台風21号情報収集用
Subject: test



 

送信テスト
","20180905-00010002-fnnprimev-000-2-view.jpg"
"EF000000DDC129CAE7A1014FB12CAB6820F4FFD2060001000000020000008B8D6B03020000008C767942","2018/09/11 15:12:08","台風21号情報収集用","FW: test"," 
________________________________

From: 大阪市ＩＣＴ戦略室活用推進担当（活用推進グループ）
Sent: Tuesday, September 11, 2018 6:12:06 AM (UTC+00:00) Monrovia, Reykjavik
To: 台風21号情報収集用
Subject: test



 

送信テスト
","20180905-00010002-fnnprimev-000-2-view.jpg"
"EF000000DDC129CAE7A1014FB12CAB6820F4FFD2060001000000020000008B8D6B03020000008C767943","2018/09/11 15:19:20","台風21号情報収集用","FW: test"," 
________________________________

From: 大阪市ＩＣＴ戦略室活用推進担当（活用推進グループ）
Sent: Tuesday, September 11, 2018 6:19:16 AM (UTC+00:00) Monrovia, Reykjavik
To: 台風21号情報収集用
Subject: test



 

送信テスト
","20180905-00010002-fnnprimev-000-2-view.jpg"
"EF000000DDC129CAE7A1014FB12CAB6820F4FFD2060001000000020000008B8D6B03020000008C767944","2018/09/11 15:22:00","台風21号情報収集用","FW: test"," 
________________________________

From: 大阪市ＩＣＴ戦略室活用推進担当（活用推進グループ）
Sent: Tuesday, September 11, 2018 6:21:45 AM (UTC+00:00) Monrovia, Reykjavik
To: 台風21号情報収集用
Subject: test



 

送信テスト
","20180905-00010002-fnnprimev-000-2-view.jpg"
"EF000000DDC129CAE7A1014FB12CAB6820F4FFD2060001000000020000008B8D6B03020000008C767945","2018/09/11 15:22:48","台風21号情報収集用","FW: test"," 
________________________________

From: 大阪市ＩＣＴ戦略室活用推進担当（活用推進グループ）
Sent: Tuesday, September 11, 2018 6:22:46 AM (UTC+00:00) Monrovia, Reykjavik
To: 台風21号情報収集用
Subject: test



 

送信テスト
","20180905-00010002-fnnprimev-000-2-view.jpg"
"EF000000DDC129CAE7A1014FB12CAB6820F4FFD2060001000000020000008B8D6B03020000008C767946","2018/09/11 15:26:33","台風21号情報収集用","FW: test"," 
________________________________

From: 大阪市ＩＣＴ戦略室活用推進担当（活用推進グループ）
Sent: Tuesday, September 11, 2018 6:26:30 AM (UTC+00:00) Monrovia, Reykjavik
To: 台風21号情報収集用
Subject: test



 

送信テスト
","2.jpg"
"EF000000DDC129CAE7A1014FB12CAB6820F4FFD2060001000000020000008B8D6B03020000008C767949","2018/09/11 15:34:37","台風21号情報収集用","FW: test"," 
________________________________

From: 大阪市ＩＣＴ戦略室活用推進担当（活用推進グループ）
Sent: Tuesday, September 11, 2018 6:34:34 AM (UTC+00:00) Monrovia, Reykjavik
To: 台風21号情報収集用
Subject: test



 

送信テスト
","2.jpg"
"EF000000DDC129CAE7A1014FB12CAB6820F4FFD2060001000000020000008B8D6B03020000008C767949","2018/09/11 15:34:37","台風21号情報収集用","FW: test"," 
________________________________

From: 大阪市ＩＣＴ戦略室活用推進担当（活用推進グループ）
Sent: Tuesday, September 11, 2018 6:34:34 AM (UTC+00:00) Monrovia, Reykjavik
To: 台風21号情報収集用
Subject: test



 

送信テスト
","2.jpg"
"EF000000DDC129CAE7A1014FB12CAB6820F4FFD2060001000000020000008B8D6B03020000008C76794A","2018/09/11 15:37:38","台風21号情報収集用","FW: test"," 
________________________________

From: 大阪市ＩＣＴ戦略室活用推進担当（活用推進グループ）
Sent: Tuesday, September 11, 2018 6:37:36 AM (UTC+00:00) Monrovia, Reykjavik
To: 台風21号情報収集用
Subject: test



 

送信テスト
","2.jpg"
"EF000000DDC129CAE7A1014FB12CAB6820F4FFD2060001000000020000008B8D6B03020000008C76794B","2018/09/11 15:40:46","台風21号情報収集用","FW: test"," 
________________________________

From: 大阪市ＩＣＴ戦略室活用推進担当（活用推進グループ）
Sent: Tuesday, September 11, 2018 6:40:41 AM (UTC+00:00) Monrovia, Reykjavik
To: 台風21号情報収集用
Subject: test



 

送信テスト
","2.jpg"
"EF000000DDC129CAE7A1014FB12CAB6820F4FFD2060001000000020000008B8D6B03020000008C76794C","2018/09/11 15:41:43","台風21号情報収集用","FW: test"," 
________________________________

From: 大阪市ＩＣＴ戦略室活用推進担当（活用推進グループ）
Sent: Tuesday, September 11, 2018 6:41:41 AM (UTC+00:00) Monrovia, Reykjavik
To: 台風21号情報収集用
Subject: test



 

送信テスト
","2.jpg"
"EF000000DDC129CAE7A1014FB12CAB6820F4FFD2060001000000020000008B8D6B03020000008C76794D","2018/09/11 15:43:29","台風21号情報収集用","FW: test"," 
________________________________

From: 大阪市ＩＣＴ戦略室活用推進担当（活用推進グループ）
Sent: Tuesday, September 11, 2018 6:43:27 AM (UTC+00:00) Monrovia, Reykjavik
To: 台風21号情報収集用
Subject: test



 

送信テスト
","2.jpg"
"EF000000DDC129CAE7A1014FB12CAB6820F4FFD2060001000000020000008B8D6B03020000008C76794E","2018/09/11 15:49:07","台風21号情報収集用","FW: test"," 
________________________________

From: 大阪市ＩＣＴ戦略室活用推進担当（活用推進グループ）
Sent: Tuesday, September 11, 2018 6:49:05 AM (UTC+00:00) Monrovia, Reykjavik
To: 台風21号情報収集用
Subject: test



 

送信テスト
","2.jpg"
"EF000000DDC129CAE7A1014FB12CAB6820F4FFD2060001000000020000008B8D6B03020000008C76794F","2018/09/11 15:50:18","台風21号情報収集用","FW: test"," 
________________________________

From: 大阪市ＩＣＴ戦略室活用推進担当（活用推進グループ）
Sent: Tuesday, September 11, 2018 6:50:16 AM (UTC+00:00) Monrovia, Reykjavik
To: 台風21号情報収集用
Subject: test



 

送信テスト
","2.jpg"
"EF000000DDC129CAE7A1014FB12CAB6820F4FFD2060001000000020000008B8D6B03020000008C767953","2018/09/11 16:03:16","台風21号情報収集用","FW: test"," 
________________________________

From: 大阪市ＩＣＴ戦略室活用推進担当（活用推進グループ）
Sent: Tuesday, September 11, 2018 7:03:11 AM (UTC+00:00) Monrovia, Reykjavik
To: 台風21号情報収集用
Subject: test



 

送信テスト
","2.jpg"
"EF000000DDC129CAE7A1014FB12CAB6820F4FFD2060001000000020000008B8D6B03020000008C767954","2018/09/11 16:06:38","台風21号情報収集用","FW: test"," 
________________________________

From: 大阪市ＩＣＴ戦略室活用推進担当（活用推進グループ）
Sent: Tuesday, September 11, 2018 7:06:36 AM (UTC+00:00) Monrovia, Reykjavik
To: 台風21号情報収集用
Subject: test



 

送信テスト
","2.jpg"
"EF000000DDC129CAE7A1014FB12CAB6820F4FFD2060001000000020000008B8D6B03020000008C767955","2018/09/11 16:07:00","台風21号情報収集用","FW: [FreeMail]Fwd: テスト"," 
________________________________

From: ryohei senda
Sent: Tuesday, September 11, 2018 7:06:40 AM (UTC+00:00) Monrovia, Reykjavik
To: 台風21号情報収集用
Subject: [FreeMail]Fwd: テスト




---------- Forwarded message ---------
From: ryohei senda <ryohei.senda@gmail.com <mailto:ryohei.senda@gmail.com> >
Date: 2018年9月11日(火) 16:01
Subject: Fwd: テスト
To: <21gou@city.osaka.lg.jp <mailto:21gou@city.osaka.lg.jp> >





---------- Forwarded message ---------
From: ryohei senda <ryohei.senda@gmail.com <mailto:ryohei.senda@gmail.com> >
Date: 2018年9月11日(火) 15:57
Subject: テスト
To: <21gou@city.osaka.lg.jp <mailto:21gou@city.osaka.lg.jp> >



テスト ",""
"EF000000DDC129CAE7A1014FB12CAB6820F4FFD2060001000000020000008B8D6B03020000008C767956","2018/09/11 16:08:44","台風21号情報収集用","FW: [FreeMail]Re: テスト"," 
________________________________

From: ryohei senda
Sent: Tuesday, September 11, 2018 7:08:28 AM (UTC+00:00) Monrovia, Reykjavik
To: 台風21号情報収集用
Subject: [FreeMail]Re: テスト


r-senda@city.osaka.lg.jp <mailto:r-senda@city.osaka.lg.jp> 


2018年9月11日(火) 16:06 ryohei senda <ryohei.senda@gmail.com <mailto:ryohei.senda@gmail.com> >:




	---------- Forwarded message ---------
	From: ryohei senda <ryohei.senda@gmail.com <mailto:ryohei.senda@gmail.com> >
	Date: 2018年9月11日(火) 16:01
	Subject: Fwd: テスト
	To: <21gou@city.osaka.lg.jp <mailto:21gou@city.osaka.lg.jp> >
	




	---------- Forwarded message ---------
	From: ryohei senda <ryohei.senda@gmail.com <mailto:ryohei.senda@gmail.com> >
	Date: 2018年9月11日(火) 15:57
	Subject: テスト
	To: <21gou@city.osaka.lg.jp <mailto:21gou@city.osaka.lg.jp> >
	


	テスト 
",""
"EF000000DDC129CAE7A1014FB12CAB6820F4FFD2060001000000020000008B8D6B03020000008C767957","2018/09/11 16:09:36","台風21号情報収集用","FW: test"," 
________________________________

From: 大阪市ＩＣＴ戦略室活用推進担当（活用推進グループ）
Sent: Tuesday, September 11, 2018 7:09:34 AM (UTC+00:00) Monrovia, Reykjavik
To: 台風21号情報収集用
Subject: test



 

送信テスト
","2.jpg"
"EF000000DDC129CAE7A1014FB12CAB6820F4FFD2060001000000020000008B8D6B03020000008C767958","2018/09/11 16:13:31","台風21号情報収集用","FW: test"," 
________________________________

From: 大阪市ＩＣＴ戦略室活用推進担当（活用推進グループ）
Sent: Tuesday, September 11, 2018 7:13:29 AM (UTC+00:00) Monrovia, Reykjavik
To: 台風21号情報収集用
Subject: test



 

送信テスト
","2.jpg"
"EF000000DDC129CAE7A1014FB12CAB6820F4FFD2060001000000020000008B8D6B03020000008C767959","2018/09/11 16:16:26","台風21号情報収集用","FW: てすと","


________________________________________
From: sound-of-hibana@docomo.ne.jp
Sent: Tuesday, September 11, 2018 7:16:19 AM (UTC+00:00) Monrovia, Reykjavik
To: 台風21号情報収集用
Subject: てすと

どこも",""
"EF000000DDC129CAE7A1014FB12CAB6820F4FFD2060001000000020000008B8D6B03020000008C76795A","2018/09/11 16:17:28","台風21号情報収集用","FW: test"," 
________________________________

From: 大阪市ＩＣＴ戦略室活用推進担当（活用推進グループ）
Sent: Tuesday, September 11, 2018 7:17:26 AM (UTC+00:00) Monrovia, Reykjavik
To: 台風21号情報収集用
Subject: test



 

送信テスト
","2.jpg"
"EF000000DDC129CAE7A1014FB12CAB6820F4FFD2060001000000020000008B8D6B03020000008C76795B","2018/09/11 16:18:40","台風21号情報収集用","FW: test"," 
________________________________

From: 大阪市ＩＣＴ戦略室活用推進担当（活用推進グループ）
Sent: Tuesday, September 11, 2018 7:18:38 AM (UTC+00:00) Monrovia, Reykjavik
To: 台風21号情報収集用
Subject: test



 

送信テスト
","2.jpg"
"EF000000DDC129CAE7A1014FB12CAB6820F4FFD2060001000000020000008B8D6B03020000008C76795C","2018/09/11 16:31:13","台風21号情報収集用","FW: test"," 
________________________________

From: 大阪市ＩＣＴ戦略室活用推進担当（活用推進グループ）
Sent: Tuesday， September 11， 2018 7:31:11 AM (UTC+00:00) Monrovia， Reykjavik
To: 台風21号情報収集用
Subject: test



 

送信テスト
","2.jpg"
"EF000000DDC129CAE7A1014FB12CAB6820F4FFD2060001000000020000008B8D6B03020000008C76795D","2018/09/11 16:35:32","台風21号情報収集用","FW: test"," 
________________________________

From: 大阪市ＩＣＴ戦略室活用推進担当（活用推進グループ）
Sent: Tuesday， September 11， 2018 7:35:30 AM (UTC+00:00) Monrovia， Reykjavik
To: 台風21号情報収集用
Subject: test



送信テスト
","2.jpg"
"EF000000DDC129CAE7A1014FB12CAB6820F4FFD2060001000000020000008B8D6B03020000008C76795F","2018/09/11 16:38:24","台風21号情報収集用","FW: test"," 
________________________________

From: 大阪市ＩＣＴ戦略室活用推進担当（活用推進グループ）
Sent: Tuesday， September 11， 2018 7:38:22 AM (UTC+00:00) Monrovia， Reykjavik
To: 台風21号情報収集用
Subject: test



送信テスト
","2.jpg"
"EF000000DDC129CAE7A1014FB12CAB6820F4FFD2060001000000020000008B8D6B03020000008C76795E","2018/09/11 16:38:24","台風21号情報収集用","FW: test vbs"," 
________________________________

From: 大阪市ＩＣＴ戦略室活用推進担当（活用推進グループ）
Sent: Tuesday， September 11， 2018 7:38:22 AM (UTC+00:00) Monrovia， Reykjavik
To: 台風21号情報収集用
Subject: test vbs



test vbs

 

仙田 亮平 Senda Ryohei

大阪市ICT戦略室 活用推進グループ
TEL 06-6208-7884 (庁内159-7884)

 

 <http://www.city.osaka.lg.jp/keizaisenryaku/page/0000397329.html> 

2025年国際博覧会を大阪・関西へ　誘致ロゴマークが決定しました
http://www.city.osaka.lg.jp/keizaisenryaku/page/0000397329.html <http://www.city.osaka.lg.jp/keizaisenryaku/page/0000397329.html> 

 

 
","image001.jpg|image002.jpg"
"EF000000DDC129CAE7A1014FB12CAB6820F4FFD2060001000000020000008B8D6B03020000008C767960","2018/09/11 16:43:35","台風21号情報収集用","FW: test"," 
________________________________

From: 大阪市ＩＣＴ戦略室活用推進担当（活用推進グループ）
Sent: Tuesday， September 11， 2018 7:43:33 AM (UTC+00:00) Monrovia， Reykjavik
To: 台風21号情報収集用
Subject: test



送信テスト
","2.jpg"
"EF000000DDC129CAE7A1014FB12CAB6820F4FFD2060001000000020000008B8D6B03020000008C767961","2018/09/11 16:46:08","台風21号情報収集用","FW: test"," 
________________________________

From: 大阪市ＩＣＴ戦略室活用推進担当（活用推進グループ）
Sent: Tuesday， September 11， 2018 7:46:06 AM (UTC+00:00) Monrovia， Reykjavik
To: 台風21号情報収集用
Subject: test



送信テスト
","2.jpg"
"EF000000DDC129CAE7A1014FB12CAB6820F4FFD2060001000000020000008B8D6B03020000008C767963","2018/09/11 17:26:23","台風21号情報収集用","FW: test vbs log"," 
________________________________

From: 大阪市ＩＣＴ戦略室活用推進担当（活用推進グループ）
Sent: Tuesday， September 11， 2018 8:26:21 AM (UTC+00:00) Monrovia， Reykjavik
To: 台風21号情報収集用
Subject: test vbs log



 

 

仙田 亮平 Senda Ryohei

大阪市ICT戦略室 活用推進グループ
TEL 06-6208-7884 (庁内159-7884)

 

 <http://www.city.osaka.lg.jp/keizaisenryaku/page/0000397329.html> 

2025年国際博覧会を大阪・関西へ　誘致ロゴマークが決定しました
http://www.city.osaka.lg.jp/keizaisenryaku/page/0000397329.html <http://www.city.osaka.lg.jp/keizaisenryaku/page/0000397329.html> 

 

 
","image001.jpg|image002.jpg"
"EF000000DDC129CAE7A1014FB12CAB6820F4FFD2060001000000020000008B8D6B03020000008C767964","2018/09/11 18:09:59","台風21号情報収集用","FW: [FreeMail]テスト"," 
________________________________

From: tadakazu1972@gmail.com
Sent: Tuesday， September 11， 2018 9:08:37 AM (UTC+00:00) Monrovia， Reykjavik
To: 台風21号情報収集用
Subject: [FreeMail]テスト



テスト文

 


iPhoneから送信","IMG_0262.jpg"
"EF000000C1B7AA7039A5BD4697B57359611EDA0F060001000000020000008B8D6B03020000008C76796E","2018/09/11 19:41:43","台風21号情報収集用","FW: test"," 
________________________________

From: 大阪市ＩＣＴ戦略室活用推進担当（活用推進グループ）
Sent: Tuesday， September 11， 2018 10:41:41 AM (UTC+00:00) Monrovia， Reykjavik
To: 台風21号情報収集用
Subject: test



送信テスト
","2.jpg"
"EF000000C1B7AA7039A5BD4697B57359611EDA0F060001000000020000008B8D6B03020000008C76796F","2018/09/11 19:42:51","台風21号情報収集用","FW: test"," 
________________________________

From: 大阪市ＩＣＴ戦略室活用推進担当（活用推進グループ）
Sent: Tuesday， September 11， 2018 10:42:49 AM (UTC+00:00) Monrovia， Reykjavik
To: 台風21号情報収集用
Subject: test



送信テスト
","2.jpg"
"EF000000C1B7AA7039A5BD4697B57359611EDA0F060001000000020000008B8D6B03020000008C767970","2018/09/11 19:43:43","台風21号情報収集用","FW: test"," 
________________________________

From: 大阪市ＩＣＴ戦略室活用推進担当（活用推進グループ）
Sent: Tuesday， September 11， 2018 10:43:41 AM (UTC+00:00) Monrovia， Reykjavik
To: 台風21号情報収集用
Subject: test



送信テスト
","2.jpg"
"EF000000C1B7AA7039A5BD4697B57359611EDA0F060001000000020000008B8D6B03020000008C767971","2018/09/11 19:44:15","台風21号情報収集用","FW: test"," 
________________________________

From: 大阪市ＩＣＴ戦略室活用推進担当（活用推進グループ）
Sent: Tuesday， September 11， 2018 10:44:14 AM (UTC+00:00) Monrovia， Reykjavik
To: 台風21号情報収集用
Subject: test



送信テスト
","2.jpg"
"EF000000C1B7AA7039A5BD4697B57359611EDA0F060001000000020000008B8D6B03020000008C767972","2018/09/11 19:45:30","台風21号情報収集用","FW: test"," 
________________________________

From: 大阪市ＩＣＴ戦略室活用推進担当（活用推進グループ）
Sent: Tuesday， September 11， 2018 10:45:27 AM (UTC+00:00) Monrovia， Reykjavik
To: 台風21号情報収集用
Subject: test



送信テスト
","2.jpg"
"EF000000C1B7AA7039A5BD4697B57359611EDA0F060001000000020000008B8D6B03020000008C767973","2018/09/11 19:48:31","台風21号情報収集用","FW: test"," 
________________________________

From: 大阪市ＩＣＴ戦略室活用推進担当（活用推進グループ）
Sent: Tuesday， September 11， 2018 10:48:29 AM (UTC+00:00) Monrovia， Reykjavik
To: 台風21号情報収集用
Subject: test



送信テスト
","2.jpg"
"EF000000C1B7AA7039A5BD4697B57359611EDA0F060001000000020000008B8D6B03020000008C767974","2018/09/11 20:01:26","台風21号情報収集用","FW: test"," 
________________________________

From: 大阪市ＩＣＴ戦略室活用推進担当（活用推進グループ）
Sent: Tuesday， September 11， 2018 11:01:24 AM (UTC+00:00) Monrovia， Reykjavik
To: 台風21号情報収集用
Subject: test



送信テスト
","2.jpg"
"EF000000C1B7AA7039A5BD4697B57359611EDA0F060001000000020000008B8D6B03020000008C767975","2018/09/11 20:20:29","台風21号情報収集用","FW: test filename"," 
________________________________

From: 大阪市ＩＣＴ戦略室活用推進担当（活用推進グループ）
Sent: Tuesday， September 11， 2018 11:20:27 AM (UTC+00:00) Monrovia， Reykjavik
To: 台風21号情報収集用
Subject: test filename



 

 

仙田 亮平 Senda Ryohei

大阪市ICT戦略室 活用推進グループ
TEL 06-6208-7884 (庁内159-7884)

 

 <http://www.city.osaka.lg.jp/keizaisenryaku/page/0000397329.html> 

2025年国際博覧会を大阪・関西へ　誘致ロゴマークが決定しました
http://www.city.osaka.lg.jp/keizaisenryaku/page/0000397329.html <http://www.city.osaka.lg.jp/keizaisenryaku/page/0000397329.html> 

 

 
","image001.jpg|image002.jpg"
